creating matrix A
adding first line to elementary matrix
first line is 2
count number of new and general variables
0) 2 0
1) 0 2
3) 1 1
4) 0 2
5) 0 3
6) 2 1
7) 3 0
8) 0 0
9) 0 0
exclude rows with number of new variables greater than free inputs count
0) 2 0
1) 0 2
3) 1 1
4) 0 2
6) 2 1
7) 3 0
8) 0 0
9) 0 0
select next line 7
count number of new and general variables
0) 2 0
1) 0 2
3) 1 1
4) 0 2
5) 0 3
6) 2 1
8) 0 0
9) 0 0
exclude rows with number of new variables greater than free inputs count
0) 2 0
1) 0 2
3) 1 1
4) 0 2
6) 2 1
8) 0 0
9) 0 0
select next line 0
count number of new and general variables
1) 0 2
3) 1 1
4) 0 2
5) 0 3
6) 2 1
8) 0 0
9) 0 0
exclude rows with number of new variables greater than free inputs count
1) 0 2
3) 1 1
4) 0 2
6) 2 1
8) 0 0
9) 0 0
select next line 6
add elementary matrix to solution
adding first line to elementary matrix
first line is 5
count number of new and general variables
1) 1 1
3) 0 2
4) 2 0
8) 0 0
9) 0 0
exclude rows with number of new variables greater than free inputs count
1) 1 1
3) 0 2
4) 2 0
8) 0 0
9) 0 0
select next line 4
count number of new and general variables
1) 1 1
3) 0 2
8) 0 0
9) 0 0
exclude rows with number of new variables greater than free inputs count
1) 1 1
3) 0 2
8) 0 0
9) 0 0
select next line 1
count number of new and general variables
3) 0 2
8) 0 0
9) 0 0
exclude rows with number of new variables greater than free inputs count
3) 0 2
8) 0 0
9) 0 0
select next line 8
add elementary matrix to solution
adding first line to elementary matrix
first line is 3
count number of new and general variables
9) 0 0
exclude rows with number of new variables greater than free inputs count
9) 0 0
select next line 9
creating matrix A
adding first line to elementary matrix
first line is 2
count number of new and general variables
0) 2 0
1) 0 2
3) 1 1
4) 0 2
5) 0 3
6) 2 1
7) 3 0
8) 0 0
9) 0 0
exclude rows with number of new variables greater than free inputs count
0) 2 0
1) 0 2
3) 1 1
4) 0 2
6) 2 1
7) 3 0
8) 0 0
9) 0 0
select next line 7
count number of new and general variables
0) 2 0
1) 0 2
3) 1 1
4) 0 2
5) 0 3
6) 2 1
8) 0 0
9) 0 0
exclude rows with number of new variables greater than free inputs count
0) 2 0
1) 0 2
3) 1 1
4) 0 2
6) 2 1
8) 0 0
9) 0 0
select next line 0
count number of new and general variables
1) 0 2
3) 1 1
4) 0 2
5) 0 3
6) 2 1
8) 0 0
9) 0 0
exclude rows with number of new variables greater than free inputs count
1) 0 2
3) 1 1
4) 0 2
6) 2 1
8) 0 0
9) 0 0
select next line 6
add elementary matrix to solution
adding first line to elementary matrix
first line is 5
count number of new and general variables
1) 1 1
3) 0 2
4) 2 0
8) 0 0
9) 0 0
exclude rows with number of new variables greater than free inputs count
1) 1 1
3) 0 2
4) 2 0
8) 0 0
9) 0 0
select next line 4
count number of new and general variables
1) 1 1
3) 0 2
8) 0 0
9) 0 0
exclude rows with number of new variables greater than free inputs count
1) 1 1
3) 0 2
8) 0 0
9) 0 0
select next line 1
count number of new and general variables
3) 0 2
8) 0 0
9) 0 0
exclude rows with number of new variables greater than free inputs count
3) 0 2
8) 0 0
9) 0 0
select next line 8
add elementary matrix to solution
adding first line to elementary matrix
first line is 3
count number of new and general variables
9) 0 0
exclude rows with number of new variables greater than free inputs count
9) 0 0
select next line 9
creating matrix A
adding first line to elementary matrix
first line is 2
creating matrix A
adding first line to elementary matrix
first line is 2
count number of new and general variables
0) 2 0
1) 0 2
3) 1 1
4) 0 2
5) 0 3
6) 2 1
7) 3 0
8) 0 0
9) 0 0
exclude rows with number of new variables greater than free inputs count
0) 2 0
1) 0 2
3) 1 1
4) 0 2
6) 2 1
7) 3 0
8) 0 0
9) 0 0
select next line 7
count number of new and general variables
0) 2 0
1) 0 2
3) 1 1
4) 0 2
5) 0 3
6) 2 1
8) 0 0
9) 0 0
exclude rows with number of new variables greater than free inputs count
0) 2 0
1) 0 2
3) 1 1
4) 0 2
6) 2 1
8) 0 0
9) 0 0
select next line 0
count number of new and general variables
1) 0 2
3) 1 1
4) 0 2
5) 0 3
6) 2 1
8) 0 0
9) 0 0
exclude rows with number of new variables greater than free inputs count
1) 0 2
3) 1 1
4) 0 2
6) 2 1
8) 0 0
9) 0 0
select next line 6
add elementary matrix to solution
adding first line to elementary matrix
first line is 5
count number of new and general variables
1) 1 1
3) 0 2
4) 2 0
8) 0 0
9) 0 0
exclude rows with number of new variables greater than free inputs count
1) 1 1
3) 0 2
4) 2 0
8) 0 0
9) 0 0
select next line 4
count number of new and general variables
1) 1 1
3) 0 2
8) 0 0
9) 0 0
exclude rows with number of new variables greater than free inputs count
1) 1 1
3) 0 2
8) 0 0
9) 0 0
select next line 1
count number of new and general variables
3) 0 2
8) 0 0
9) 0 0
exclude rows with number of new variables greater than free inputs count
3) 0 2
8) 0 0
9) 0 0
select next line 8
add elementary matrix to solution
adding first line to elementary matrix
first line is 3
count number of new and general variables
9) 0 0
exclude rows with number of new variables greater than free inputs count
9) 0 0
select next line 9
creating matrix A
adding first line to elementary matrix
first line is 2
count number of new and general variables
0) 2 0
1) 0 2
3) 1 1
4) 0 2
5) 0 3
6) 2 1
7) 3 0
8) 0 0
9) 0 0
exclude rows with number of new variables greater than free inputs count
0) 2 0
1) 0 2
3) 1 1
4) 0 2
6) 2 1
7) 3 0
8) 0 0
9) 0 0
select next line 7
count number of new and general variables
0) 2 0
1) 0 2
3) 1 1
4) 0 2
5) 0 3
6) 2 1
8) 0 0
9) 0 0
exclude rows with number of new variables greater than free inputs count
0) 2 0
1) 0 2
3) 1 1
4) 0 2
6) 2 1
8) 0 0
9) 0 0
select next line 0
count number of new and general variables
1) 0 2
3) 1 1
4) 0 2
5) 0 3
6) 2 1
8) 0 0
9) 0 0
exclude rows with number of new variables greater than free inputs count
1) 0 2
3) 1 1
4) 0 2
6) 2 1
8) 0 0
9) 0 0
select next line 6
add elementary matrix to solution
adding first line to elementary matrix
first line is 5
count number of new and general variables
1) 1 1
3) 0 2
4) 2 0
8) 0 0
9) 0 0
exclude rows with number of new variables greater than free inputs count
1) 1 1
3) 0 2
4) 2 0
8) 0 0
9) 0 0
select next line 4
count number of new and general variables
1) 1 1
3) 0 2
8) 0 0
9) 0 0
exclude rows with number of new variables greater than free inputs count
1) 1 1
3) 0 2
8) 0 0
9) 0 0
select next line 1
count number of new and general variables
3) 0 2
8) 0 0
9) 0 0
exclude rows with number of new variables greater than free inputs count
3) 0 2
8) 0 0
9) 0 0
select next line 8
add elementary matrix to solution
adding first line to elementary matrix
first line is 3
count number of new and general variables
9) 0 0
exclude rows with number of new variables greater than free inputs count
9) 0 0
select next line 9
creating matrix A
adding first line to elementary matrix
first line is 2
creating matrix A
adding first line to elementary matrix
first line is 2
count number of new and general variables
0) 2 1
1) 0 3
3) 0 3
4) 3 0
5) 0 2
6) 1 2
7) 1 2
8) 0 2
9) 0 2
exclude rows with number of new variables greater than free inputs count
0) 2 1
4) 3 0
5) 0 2
6) 1 2
7) 1 2
8) 0 2
9) 0 2
select next line 4
count number of new and general variables
0) 2 1
1) 0 3
3) 0 3
5) 0 2
6) 1 2
7) 1 2
8) 0 2
9) 0 2
exclude rows with number of new variables greater than free inputs count
0) 2 1
5) 0 2
6) 1 2
7) 1 2
8) 0 2
9) 0 2
select next line 0
count number of new and general variables
1) 0 3
3) 0 3
5) 0 2
6) 2 1
7) 2 1
8) 0 2
9) 0 2
exclude rows with number of new variables greater than free inputs count
6) 2 1
7) 2 1
select next line 6
add elementary matrix to solution
adding first line to elementary matrix
first line is 1
count number of new and general variables
3) 0 3
5) 0 2
7) 1 2
8) 0 2
9) 1 1
exclude rows with number of new variables greater than free inputs count
3) 0 3
5) 0 2
7) 1 2
8) 0 2
9) 1 1
select next line 9
count number of new and general variables
3) 0 3
5) 0 2
7) 1 2
8) 0 2
exclude rows with number of new variables greater than free inputs count
5) 0 2
7) 1 2
8) 0 2
select next line 7
count number of new and general variables
3) 0 3
5) 0 2
8) 0 2
exclude rows with number of new variables greater than free inputs count
select next line -1
add elementary matrix to solution
adding first line to elementary matrix
first line is 3
count number of new and general variables
5) 1 1
8) 0 2
exclude rows with number of new variables greater than free inputs count
5) 1 1
8) 0 2
select next line 5
count number of new and general variables
8) 0 2
exclude rows with number of new variables greater than free inputs count
8) 0 2
select next line -1
add elementary matrix to solution
adding first line to elementary matrix
first line is 8
creating matrix A
adding first line to elementary matrix
first line is 2
count number of new and general variables
0) 2 1
1) 0 3
3) 0 3
4) 3 0
5) 0 2
6) 1 2
7) 1 2
8) 0 2
9) 0 2
exclude rows with number of new variables greater than free inputs count
0) 2 1
4) 3 0
5) 0 2
6) 1 2
7) 1 2
8) 0 2
9) 0 2
select next line 4
count number of new and general variables
0) 2 1
1) 0 3
3) 0 3
5) 0 2
6) 1 2
7) 1 2
8) 0 2
9) 0 2
exclude rows with number of new variables greater than free inputs count
0) 2 1
5) 0 2
6) 1 2
7) 1 2
8) 0 2
9) 0 2
select next line 0
count number of new and general variables
1) 0 3
3) 0 3
5) 0 2
6) 2 1
7) 2 1
8) 0 2
9) 0 2
exclude rows with number of new variables greater than free inputs count
6) 2 1
7) 2 1
select next line 6
add elementary matrix to solution
adding first line to elementary matrix
first line is 1
count number of new and general variables
3) 0 3
5) 0 2
7) 1 2
8) 0 2
9) 1 1
exclude rows with number of new variables greater than free inputs count
3) 0 3
5) 0 2
7) 1 2
8) 0 2
9) 1 1
select next line 9
count number of new and general variables
3) 0 3
5) 0 2
7) 1 2
8) 0 2
exclude rows with number of new variables greater than free inputs count
5) 0 2
7) 1 2
8) 0 2
select next line 7
count number of new and general variables
3) 0 3
5) 0 2
8) 0 2
exclude rows with number of new variables greater than free inputs count
select next line -1
add elementary matrix to solution
adding first line to elementary matrix
first line is 3
count number of new and general variables
5) 1 1
8) 0 2
exclude rows with number of new variables greater than free inputs count
5) 1 1
8) 0 2
select next line 5
count number of new and general variables
8) 0 2
exclude rows with number of new variables greater than free inputs count
8) 0 2
select next line 8
creating matrix A
adding first line to elementary matrix
first line is 2
count number of new and general variables
0) 2 1
1) 0 3
3) 0 3
4) 3 0
5) 0 2
6) 1 2
7) 1 2
8) 0 2
9) 0 2
exclude rows with number of new variables greater than free inputs count
0) 2 1
4) 3 0
5) 0 2
6) 1 2
7) 1 2
8) 0 2
9) 0 2
select next line 4
count number of new and general variables
0) 2 1
1) 0 3
3) 0 3
5) 0 2
6) 1 2
7) 1 2
8) 0 2
9) 0 2
exclude rows with number of new variables greater than free inputs count
0) 2 1
5) 0 2
6) 1 2
7) 1 2
8) 0 2
9) 0 2
select next line 0
count number of new and general variables
1) 0 3
3) 0 3
5) 0 2
6) 2 1
7) 2 1
8) 0 2
9) 0 2
exclude rows with number of new variables greater than free inputs count
6) 2 1
7) 2 1
select next line 6
add elementary matrix to solution
adding first line to elementary matrix
first line is 1
count number of new and general variables
3) 0 3
5) 0 2
7) 1 2
8) 0 2
9) 1 1
exclude rows with number of new variables greater than free inputs count
3) 0 3
5) 0 2
7) 1 2
8) 0 2
9) 1 1
select next line 9
count number of new and general variables
3) 0 3
5) 0 2
7) 1 2
8) 0 2
exclude rows with number of new variables greater than free inputs count
5) 0 2
7) 1 2
8) 0 2
select next line 7
count number of new and general variables
3) 0 3
5) 0 2
8) 0 2
exclude rows with number of new variables greater than free inputs count
select next line -1
add elementary matrix to solution
adding first line to elementary matrix
first line is 3
count number of new and general variables
5) 1 1
8) 0 2
exclude rows with number of new variables greater than free inputs count
5) 1 1
8) 0 2
select next line 5
count number of new and general variables
8) 0 2
exclude rows with number of new variables greater than free inputs count
8) 0 2
select next line 8
creating matrix A
adding first line to elementary matrix
first line is 2
count number of new and general variables
0) 2 1
1) 0 3
3) 0 3
4) 3 0
5) 0 2
6) 1 2
7) 1 2
8) 0 2
9) 0 2
exclude rows with number of new variables greater than free inputs count
0) 2 1
4) 3 0
5) 0 2
6) 1 2
7) 1 2
8) 0 2
9) 0 2
select next line 4
count number of new and general variables
0) 2 1
1) 0 3
3) 0 3
5) 0 2
6) 1 2
7) 1 2
8) 0 2
9) 0 2
exclude rows with number of new variables greater than free inputs count
0) 2 1
5) 0 2
6) 1 2
7) 1 2
8) 0 2
9) 0 2
select next line 0
count number of new and general variables
1) 0 3
3) 0 3
5) 0 2
6) 2 1
7) 2 1
8) 0 2
9) 0 2
exclude rows with number of new variables greater than free inputs count
6) 2 1
7) 2 1
select next line 6
add elementary matrix to solution
adding first line to elementary matrix
first line is 1
count number of new and general variables
3) 0 3
5) 0 2
7) 1 2
8) 0 2
9) 1 1
exclude rows with number of new variables greater than free inputs count
3) 0 3
5) 0 2
7) 1 2
8) 0 2
9) 1 1
select next line 9
count number of new and general variables
3) 0 3
5) 0 2
7) 1 2
8) 0 2
exclude rows with number of new variables greater than free inputs count
5) 0 2
7) 1 2
8) 0 2
select next line 7
count number of new and general variables
3) 0 3
5) 0 2
8) 0 2
exclude rows with number of new variables greater than free inputs count
select next line -1
add elementary matrix to solution
adding first line to elementary matrix
first line is 3
count number of new and general variables
5) 1 1
8) 0 2
exclude rows with number of new variables greater than free inputs count
5) 1 1
8) 0 2
select next line 5
count number of new and general variables
8) 0 2
exclude rows with number of new variables greater than free inputs count
8) 0 2
select next line 8
creating matrix A
adding first line to elementary matrix
first line is 2
count number of new and general variables
0) 2 1
1) 0 3
3) 0 3
4) 3 0
5) 0 2
6) 1 2
7) 1 2
8) 0 2
9) 0 2
exclude rows with number of new variables greater than free inputs count
0) 2 1
4) 3 0
5) 0 2
6) 1 2
7) 1 2
8) 0 2
9) 0 2
select next line 4
count number of new and general variables
0) 2 1
1) 0 3
3) 0 3
5) 0 2
6) 1 2
7) 1 2
8) 0 2
9) 0 2
exclude rows with number of new variables greater than free inputs count
0) 2 1
5) 0 2
6) 1 2
7) 1 2
8) 0 2
9) 0 2
select next line 0
count number of new and general variables
1) 0 3
3) 0 3
5) 0 2
6) 2 1
7) 2 1
8) 0 2
9) 0 2
exclude rows with number of new variables greater than free inputs count
6) 2 1
7) 2 1
select next line 6
add elementary matrix to solution
adding first line to elementary matrix
first line is 1
count number of new and general variables
3) 0 3
5) 0 2
7) 1 2
8) 0 2
9) 1 1
exclude rows with number of new variables greater than free inputs count
3) 0 3
5) 0 2
7) 1 2
8) 0 2
9) 1 1
select next line 9
count number of new and general variables
3) 0 3
5) 0 2
7) 1 2
8) 0 2
exclude rows with number of new variables greater than free inputs count
5) 0 2
7) 1 2
8) 0 2
select next line 7
count number of new and general variables
3) 0 3
5) 0 2
8) 0 2
exclude rows with number of new variables greater than free inputs count
select next line -1
add elementary matrix to solution
adding first line to elementary matrix
first line is 3
count number of new and general variables
5) 1 1
8) 0 2
exclude rows with number of new variables greater than free inputs count
5) 1 1
8) 0 2
select next line 5
count number of new and general variables
8) 0 2
exclude rows with number of new variables greater than free inputs count
8) 0 2
select next line 8
creating matrix A
adding first line to elementary matrix
first line is 2
creating matrix A
adding first line to elementary matrix
first line is 2
count number of new and general variables
0) 0 3
1) 1 2
3) 1 2
4) 1 2
5) 0 2
6) 2 1
7) 1 2
8) 0 2
9) 1 1
exclude rows with number of new variables greater than free inputs count
1) 1 2
3) 1 2
4) 1 2
5) 0 2
6) 2 1
7) 1 2
8) 0 2
9) 1 1
select next line 6
count number of new and general variables
0) 1 2
1) 1 2
3) 2 1
4) 2 1
5) 0 2
7) 1 2
8) 0 2
9) 1 1
exclude rows with number of new variables greater than free inputs count
select next line -1
add elementary matrix to solution
adding first line to elementary matrix
first line is 0
count number of new and general variables
1) 1 2
3) 0 3
4) 1 2
5) 0 2
7) 1 2
8) 0 2
9) 1 1
exclude rows with number of new variables greater than free inputs count
1) 1 2
3) 0 3
4) 1 2
5) 0 2
7) 1 2
8) 0 2
9) 1 1
select next line 9
count number of new and general variables
1) 1 2
3) 1 2
4) 2 1
5) 0 2
7) 1 2
8) 0 2
exclude rows with number of new variables greater than free inputs count
4) 2 1
select next line 4
creating matrix A
adding first line to elementary matrix
first line is 2
count number of new and general variables
0) 1 2
1) 0 3
3) 1 2
4) 2 1
5) 0 2
6) 1 2
7) 0 3
8) 0 2
9) 1 1
exclude rows with number of new variables greater than free inputs count
0) 1 2
3) 1 2
4) 2 1
5) 0 2
6) 1 2
8) 0 2
9) 1 1
select next line 4
count number of new and general variables
0) 1 2
1) 0 3
3) 1 2
5) 0 2
6) 1 2
7) 0 3
8) 0 2
9) 1 1
exclude rows with number of new variables greater than free inputs count
0) 1 2
3) 1 2
5) 0 2
6) 1 2
8) 0 2
9) 1 1
select next line 9
creating matrix A
adding first line to elementary matrix
first line is 2
count number of new and general variables
0) 0 3
1) 1 2
3) 1 2
4) 1 2
5) 0 2
6) 2 1
7) 1 2
8) 0 2
9) 1 1
exclude rows with number of new variables greater than free inputs count
1) 1 2
3) 1 2
4) 1 2
5) 0 2
6) 2 1
7) 1 2
8) 0 2
9) 1 1
select next line 6
count number of new and general variables
0) 1 2
1) 1 2
3) 2 1
4) 2 1
5) 0 2
7) 1 2
8) 0 2
9) 1 1
exclude rows with number of new variables greater than free inputs count
select next line -1
add elementary matrix to solution
adding first line to elementary matrix
first line is 0
count number of new and general variables
1) 1 2
3) 0 3
4) 1 2
5) 0 2
7) 1 2
8) 0 2
9) 1 1
exclude rows with number of new variables greater than free inputs count
1) 1 2
3) 0 3
4) 1 2
5) 0 2
7) 1 2
8) 0 2
9) 1 1
select next line 9
count number of new and general variables
1) 1 2
3) 1 2
4) 2 1
5) 0 2
7) 1 2
8) 0 2
exclude rows with number of new variables greater than free inputs count
4) 2 1
select next line 4
creating matrix A
adding first line to elementary matrix
first line is 2
creating matrix A
adding first line to elementary matrix
first line is 2
{1=0, 4=1, 11=2, 13=3}
count number of new and general variables
0) 0 3
1) 1 2
3) 1 2
4) 1 2
5) 0 2
6) 2 1
7) 1 2
8) 0 2
9) 1 1
exclude rows with number of new variables greater than free inputs count
1) 1 2
3) 1 2
4) 1 2
5) 0 2
6) 2 1
7) 1 2
8) 0 2
9) 1 1
select next line 6
{0=4, 1=0, 4=1, 8=5, 11=2, 13=3}
count number of new and general variables
0) 1 2
1) 1 2
3) 2 1
4) 2 1
5) 0 2
7) 1 2
8) 0 2
9) 1 1
exclude rows with number of new variables greater than free inputs count
select next line -1
add elementary matrix to solution
adding first line to elementary matrix
first line is 0
{4=0, 8=1, 11=2}
count number of new and general variables
1) 1 2
3) 0 3
4) 1 2
5) 0 2
7) 1 2
8) 0 2
9) 1 1
exclude rows with number of new variables greater than free inputs count
1) 1 2
3) 0 3
4) 1 2
5) 0 2
7) 1 2
8) 0 2
9) 1 1
select next line 9
{2=3, 4=0, 6=4, 8=1, 11=2}
count number of new and general variables
1) 1 2
3) 1 2
4) 2 1
5) 0 2
7) 1 2
8) 0 2
exclude rows with number of new variables greater than free inputs count
4) 2 1
select next line 4
creating matrix A
adding first line to elementary matrix
first line is 2
{1=0, 4=1, 11=2, 13=3}
count number of new and general variables
0) 0 3
1) 1 2
3) 1 2
4) 1 2
5) 0 2
6) 2 1
7) 1 2
8) 0 2
9) 1 1
exclude rows with number of new variables greater than free inputs count
1) 1 2
3) 1 2
4) 1 2
5) 0 2
6) 2 1
7) 1 2
8) 0 2
9) 1 1
select next line 6
{0=4, 1=0, 4=1, 8=5, 11=2, 13=3}
count number of new and general variables
0) 1 2
1) 1 2
3) 2 1
4) 2 1
5) 0 2
7) 1 2
8) 0 2
9) 1 1
exclude rows with number of new variables greater than free inputs count
select next line -1
add elementary matrix to solution
adding first line to elementary matrix
first line is 0
{4=0, 8=1, 11=2}
count number of new and general variables
1) 1 2
3) 0 3
4) 1 2
5) 0 2
7) 1 2
8) 0 2
9) 1 1
exclude rows with number of new variables greater than free inputs count
1) 1 2
3) 0 3
4) 1 2
5) 0 2
7) 1 2
8) 0 2
9) 1 1
select next line 9
{2=3, 4=0, 6=4, 8=1, 11=2}
count number of new and general variables
1) 1 2
3) 1 2
4) 2 1
5) 0 2
7) 1 2
8) 0 2
exclude rows with number of new variables greater than free inputs count
4) 2 1
select next line 4
creating matrix A
adding first line to elementary matrix
first line is 2
{1=0, 4=1, 11=2, 13=3}
count number of new and general variables
[0, 1, 2, 3]
0) 0 3
1) 1 2
3) 1 2
4) 1 2
5) 0 2
6) 2 1
7) 1 2
8) 0 2
9) 1 1
exclude rows with number of new variables greater than free inputs count
1) 1 2
3) 1 2
4) 1 2
5) 0 2
6) 2 1
7) 1 2
8) 0 2
9) 1 1
select next line 6
{0=4, 1=0, 4=1, 8=5, 11=2, 13=3}
count number of new and general variables
[4, 0, 1, 5, 2, 3]
0) 1 2
1) 1 2
3) 2 1
4) 2 1
5) 0 2
7) 1 2
8) 0 2
9) 1 1
exclude rows with number of new variables greater than free inputs count
select next line -1
add elementary matrix to solution
adding first line to elementary matrix
first line is 0
{4=0, 8=1, 11=2}
count number of new and general variables
[0, 1, 2]
1) 1 2
3) 0 3
4) 1 2
5) 0 2
7) 1 2
8) 0 2
9) 1 1
exclude rows with number of new variables greater than free inputs count
1) 1 2
3) 0 3
4) 1 2
5) 0 2
7) 1 2
8) 0 2
9) 1 1
select next line 9
{2=3, 4=0, 6=4, 8=1, 11=2}
count number of new and general variables
[3, 0, 4, 1, 2]
1) 1 2
3) 1 2
4) 2 1
5) 0 2
7) 1 2
8) 0 2
exclude rows with number of new variables greater than free inputs count
4) 2 1
select next line 4
creating matrix A
adding first line to elementary matrix
first line is 2
{1=0, 4=1, 11=2, 13=3}
count number of new and general variables
[0, 1, 2, 3]
0) 2 1
1) 0 3
3) 0 3
4) 3 0
5) 0 2
6) 1 2
7) 1 2
8) 0 2
9) 0 2
exclude rows with number of new variables greater than free inputs count
0) 2 1
4) 3 0
5) 0 2
6) 1 2
7) 1 2
8) 0 2
9) 0 2
select next line 4
{1=0, 4=1, 11=2, 13=3}
count number of new and general variables
[0, 1, 2, 3]
0) 2 1
1) 0 3
3) 0 3
5) 0 2
6) 1 2
7) 1 2
8) 0 2
9) 0 2
exclude rows with number of new variables greater than free inputs count
0) 2 1
5) 0 2
6) 1 2
7) 1 2
8) 0 2
9) 0 2
select next line 0
{1=0, 4=1, 8=4, 11=2, 13=3}
count number of new and general variables
[0, 1, 4, 2, 3]
1) 0 3
3) 0 3
5) 0 2
6) 2 1
7) 2 1
8) 0 2
9) 0 2
exclude rows with number of new variables greater than free inputs count
6) 2 1
7) 2 1
select next line 6
{0=5, 1=0, 4=1, 8=4, 11=2, 13=3}
add elementary matrix to solution
adding first line to elementary matrix
first line is 1
{0=0, 6=1, 7=2}
count number of new and general variables
[0, 1, 2]
3) 0 3
5) 0 2
7) 1 2
8) 0 2
9) 1 1
exclude rows with number of new variables greater than free inputs count
3) 0 3
5) 0 2
7) 1 2
8) 0 2
9) 1 1
select next line 9
{0=0, 2=3, 6=1, 7=2}
count number of new and general variables
[0, 3, 1, 2]
3) 0 3
5) 0 2
7) 1 2
8) 0 2
exclude rows with number of new variables greater than free inputs count
5) 0 2
7) 1 2
8) 0 2
select next line 7
{0=0, 2=3, 6=1, 7=2, 8=4, 11=5}
count number of new and general variables
[0, 3, 1, 2, 4, 5]
3) 0 3
5) 0 2
8) 0 2
exclude rows with number of new variables greater than free inputs count
select next line -1
add elementary matrix to solution
adding first line to elementary matrix
first line is 3
{3=0, 5=1, 14=2}
count number of new and general variables
[0, 1, 2]
5) 1 1
8) 0 2
exclude rows with number of new variables greater than free inputs count
5) 1 1
8) 0 2
select next line 5
{3=0, 5=1, 12=3, 14=2}
count number of new and general variables
[0, 1, 3, 2]
8) 0 2
exclude rows with number of new variables greater than free inputs count
8) 0 2
select next line 8
{3=0, 5=1, 9=4, 10=5, 12=3, 14=2}
creating matrix A
adding first line to elementary matrix
first line is 2
{1=0, 4=1, 11=2, 13=3}
count number of new and general variables
[0, 1, 2, 3]
0) 2 1
1) 0 3
3) 0 3
4) 3 0
5) 0 2
6) 1 2
7) 1 2
8) 0 2
9) 0 2
exclude rows with number of new variables greater than free inputs count
0) 2 1
4) 3 0
5) 0 2
6) 1 2
7) 1 2
8) 0 2
9) 0 2
select next line 4
{1=0, 4=1, 11=2, 13=3}
count number of new and general variables
[0, 1, 2, 3]
0) 2 1
1) 0 3
3) 0 3
5) 0 2
6) 1 2
7) 1 2
8) 0 2
9) 0 2
exclude rows with number of new variables greater than free inputs count
0) 2 1
5) 0 2
6) 1 2
7) 1 2
8) 0 2
9) 0 2
select next line 0
{1=0, 4=1, 8=4, 11=2, 13=3}
count number of new and general variables
[0, 1, 4, 2, 3]
1) 0 3
3) 0 3
5) 0 2
6) 2 1
7) 2 1
8) 0 2
9) 0 2
exclude rows with number of new variables greater than free inputs count
6) 2 1
7) 2 1
select next line 6
{0=5, 1=0, 4=1, 8=4, 11=2, 13=3}
add elementary matrix to solution
adding first line to elementary matrix
first line is 1
{0=0, 6=1, 7=2}
count number of new and general variables
[0, 1, 2]
3) 0 3
5) 0 2
7) 1 2
8) 0 2
9) 1 1
exclude rows with number of new variables greater than free inputs count
3) 0 3
5) 0 2
7) 1 2
8) 0 2
9) 1 1
select next line 9
{0=0, 2=3, 6=1, 7=2}
count number of new and general variables
[0, 3, 1, 2]
3) 0 3
5) 0 2
7) 1 2
8) 0 2
exclude rows with number of new variables greater than free inputs count
5) 0 2
7) 1 2
8) 0 2
select next line 7
{0=0, 2=3, 6=1, 7=2, 8=4, 11=5}
count number of new and general variables
[0, 3, 1, 2, 4, 5]
3) 0 3
5) 0 2
8) 0 2
exclude rows with number of new variables greater than free inputs count
select next line -1
add elementary matrix to solution
adding first line to elementary matrix
first line is 3
{3=0, 5=1, 14=2}
count number of new and general variables
[0, 1, 2]
5) 1 1
8) 0 2
exclude rows with number of new variables greater than free inputs count
5) 1 1
8) 0 2
select next line 5
{3=0, 5=1, 12=3, 14=2}
count number of new and general variables
[0, 1, 3, 2]
8) 0 2
exclude rows with number of new variables greater than free inputs count
8) 0 2
select next line 8
{3=0, 5=1, 9=4, 10=5, 12=3, 14=2}
creating matrix A
adding first line to elementary matrix
first line is 2
{1=0, 4=1, 11=2, 13=3}
count number of new and general variables
[0, 1, 2, 3]
0) 2 1
1) 0 3
3) 0 3
4) 3 0
5) 0 2
6) 1 2
7) 1 2
8) 0 2
9) 0 2
exclude rows with number of new variables greater than free inputs count
0) 2 1
4) 3 0
5) 0 2
6) 1 2
7) 1 2
8) 0 2
9) 0 2
select next line 4
{1=0, 4=1, 11=2, 13=3}
count number of new and general variables
[0, 1, 2, 3]
0) 2 1
1) 0 3
3) 0 3
5) 0 2
6) 1 2
7) 1 2
8) 0 2
9) 0 2
exclude rows with number of new variables greater than free inputs count
0) 2 1
5) 0 2
6) 1 2
7) 1 2
8) 0 2
9) 0 2
select next line 0
{1=0, 4=1, 8=4, 11=2, 13=3}
count number of new and general variables
[0, 1, 4, 2, 3]
1) 0 3
3) 0 3
5) 0 2
6) 2 1
7) 2 1
8) 0 2
9) 0 2
exclude rows with number of new variables greater than free inputs count
6) 2 1
7) 2 1
select next line 6
{0=5, 1=0, 4=1, 8=4, 11=2, 13=3}
add elementary matrix to solution
adding first line to elementary matrix
first line is 1
{0=0, 6=1, 7=2}
count number of new and general variables
[0, 1, 2]
3) 0 3
5) 0 2
7) 1 2
8) 0 2
9) 1 1
exclude rows with number of new variables greater than free inputs count
3) 0 3
5) 0 2
7) 1 2
8) 0 2
9) 1 1
select next line 9
{0=0, 2=3, 6=1, 7=2}
count number of new and general variables
[0, 3, 1, 2]
3) 0 3
5) 0 2
7) 1 2
8) 0 2
exclude rows with number of new variables greater than free inputs count
5) 0 2
7) 1 2
8) 0 2
select next line 7
{0=0, 2=3, 6=1, 7=2, 8=4, 11=5}
count number of new and general variables
[0, 3, 1, 2, 4, 5]
3) 0 3
5) 0 2
8) 0 2
exclude rows with number of new variables greater than free inputs count
select next line -1
add elementary matrix to solution
adding first line to elementary matrix
first line is 3
{3=0, 5=1, 14=2}
count number of new and general variables
[0, 1, 2]
5) 1 1
8) 0 2
exclude rows with number of new variables greater than free inputs count
5) 1 1
8) 0 2
select next line 5
{3=0, 5=1, 12=3, 14=2}
count number of new and general variables
[0, 1, 3, 2]
8) 0 2
exclude rows with number of new variables greater than free inputs count
8) 0 2
select next line 8
{3=0, 5=1, 9=4, 10=5, 12=3, 14=2}
creating matrix A
adding first line to elementary matrix
first line is 2
{1=0, 4=1, 11=2, 13=3}
count number of new and general variables
[0, 1, 2, 3]
0) 2 1
1) 0 3
3) 0 3
4) 3 0
5) 0 2
6) 1 2
7) 1 2
8) 0 2
9) 0 2
exclude rows with number of new variables greater than free inputs count
0) 2 1
4) 3 0
5) 0 2
6) 1 2
7) 1 2
8) 0 2
9) 0 2
select next line 4
{1=0, 4=1, 11=2, 13=3}
count number of new and general variables
[0, 1, 2, 3]
0) 2 1
1) 0 3
3) 0 3
5) 0 2
6) 1 2
7) 1 2
8) 0 2
9) 0 2
exclude rows with number of new variables greater than free inputs count
0) 2 1
5) 0 2
6) 1 2
7) 1 2
8) 0 2
9) 0 2
select next line 0
{1=0, 4=1, 8=4, 11=2, 13=3}
count number of new and general variables
[0, 1, 4, 2, 3]
1) 0 3
3) 0 3
5) 0 2
6) 2 1
7) 2 1
8) 0 2
9) 0 2
exclude rows with number of new variables greater than free inputs count
6) 2 1
7) 2 1
select next line 6
{0=5, 1=0, 4=1, 8=4, 11=2, 13=3}
add elementary matrix to solution
adding first line to elementary matrix
first line is 1
{0=0, 6=1, 7=2}
count number of new and general variables
[0, 1, 2]
3) 0 3
5) 0 2
7) 1 2
8) 0 2
9) 1 1
exclude rows with number of new variables greater than free inputs count
3) 0 3
5) 0 2
7) 1 2
8) 0 2
9) 1 1
select next line 9
{0=0, 2=3, 6=1, 7=2}
count number of new and general variables
[0, 3, 1, 2]
3) 0 3
5) 0 2
7) 1 2
8) 0 2
exclude rows with number of new variables greater than free inputs count
5) 0 2
7) 1 2
8) 0 2
select next line 7
{0=0, 2=3, 6=1, 7=2, 8=4, 11=5}
count number of new and general variables
[0, 3, 1, 2, 4, 5]
3) 0 3
5) 0 2
8) 0 2
exclude rows with number of new variables greater than free inputs count
select next line -1
add elementary matrix to solution
adding first line to elementary matrix
first line is 3
{3=0, 5=1, 14=2}
count number of new and general variables
[0, 1, 2]
5) 1 1
8) 0 2
exclude rows with number of new variables greater than free inputs count
5) 1 1
8) 0 2
select next line 5
{3=0, 5=1, 12=3, 14=2}
count number of new and general variables
[0, 1, 3, 2]
8) 0 2
exclude rows with number of new variables greater than free inputs count
8) 0 2
select next line 8
{3=0, 5=1, 9=4, 10=5, 12=3, 14=2}
creating matrix A
adding first line to elementary matrix
first line is 2
{0=0, 1=1, 5=2, 6=3}
count number of new and general variables
[0, 1, 2, 3]
0) 2 0
1) 0 2
3) 1 1
4) 0 2
5) 0 3
6) 2 1
7) 3 0
exclude rows with number of new variables greater than free inputs count
0) 2 0
7) 3 0
select next line 7
{0=0, 1=1, 5=2, 6=3}
count number of new and general variables
[0, 1, 2, 3]
0) 2 0
1) 0 2
3) 1 1
4) 0 2
5) 0 3
6) 2 1
exclude rows with number of new variables greater than free inputs count
0) 2 0
select next line 0
{0=0, 1=1, 5=2, 6=3}
add elementary matrix to solution
adding first line to elementary matrix
first line is 5
{4=0, 8=1, 9=2}
count number of new and general variables
[0, 1, 2]
1) 1 1
3) 0 2
4) 2 0
6) 0 3
exclude rows with number of new variables greater than free inputs count
1) 1 1
4) 2 0
select next line 4
{4=0, 8=1, 9=2}
count number of new and general variables
[0, 1, 2]
1) 1 1
3) 0 2
6) 0 3
exclude rows with number of new variables greater than free inputs count
1) 1 1
select next line 1
{4=0, 7=3, 8=1, 9=2}
add elementary matrix to solution
adding first line to elementary matrix
first line is 6
{3=0, 5=1, 6=2}
count number of new and general variables
[0, 1, 2]
3) 1 1
exclude rows with number of new variables greater than free inputs count
3) 1 1
select next line 3
{2=3, 3=0, 5=1, 6=2}
creating matrix A
adding first line to elementary matrix
first line is 7
creating matrix A
adding first line to elementary matrix
first line is 7
creating matrix A
adding first line to elementary matrix
first line is 2
{0=0, 1=1, 5=2, 6=3}
count number of new and general variables
[0, 1, 2, 3]
0) 2 0
1) 0 2
3) 1 1
4) 0 2
5) 0 3
6) 2 1
7) 3 0
exclude rows with number of new variables greater than free inputs count
0) 2 0
7) 3 0
select next line 7
{0=0, 1=1, 5=2, 6=3}
count number of new and general variables
[0, 1, 2, 3]
0) 2 0
1) 0 2
3) 1 1
4) 0 2
5) 0 3
6) 2 1
exclude rows with number of new variables greater than free inputs count
0) 2 0
select next line 0
{0=0, 1=1, 5=2, 6=3}
add elementary matrix to solution
adding first line to elementary matrix
first line is 5
{4=0, 8=1, 9=2}
count number of new and general variables
[0, 1, 2]
1) 1 1
3) 0 2
4) 2 0
6) 0 3
exclude rows with number of new variables greater than free inputs count
1) 1 1
4) 2 0
select next line 4
{4=0, 8=1, 9=2}
count number of new and general variables
[0, 1, 2]
1) 1 1
3) 0 2
6) 0 3
exclude rows with number of new variables greater than free inputs count
1) 1 1
select next line 1
{4=0, 7=3, 8=1, 9=2}
add elementary matrix to solution
adding first line to elementary matrix
first line is 6
{3=0, 5=1, 6=2}
count number of new and general variables
[0, 1, 2]
3) 1 1
exclude rows with number of new variables greater than free inputs count
3) 1 1
select next line 3
{2=3, 3=0, 5=1, 6=2}
creating matrix A
creating matrix A
creating matrix A
creating matrix A
creating matrix A
creating matrix A
creating matrix A
creating matrix A
creating matrix A
creating matrix A
creating matrix A
creating matrix A
creating matrix A
creating matrix A
creating matrix A
creating matrix A
creating matrix A
creating matrix A
creating matrix A
adding first line to elementary matrix
first line is 2
{0=0, 1=1, 5=2, 6=3}
count number of new and general variables
[0, 1, 2, 3]
0) 2 0
1) 0 2
3) 1 1
4) 0 2
5) 0 3
6) 2 1
7) 3 0
exclude rows with number of new variables greater than free inputs count
0) 2 0
7) 3 0
select next line 7
{0=0, 1=1, 5=2, 6=3}
count number of new and general variables
[0, 1, 2, 3]
0) 2 0
1) 0 2
3) 1 1
4) 0 2
5) 0 3
6) 2 1
exclude rows with number of new variables greater than free inputs count
0) 2 0
select next line 0
{0=0, 1=1, 5=2, 6=3}
add elementary matrix to solution
adding first line to elementary matrix
first line is 5
{4=0, 8=1, 9=2}
count number of new and general variables
[0, 1, 2]
1) 1 1
3) 0 2
4) 2 0
6) 0 3
exclude rows with number of new variables greater than free inputs count
1) 1 1
4) 2 0
select next line 4
{4=0, 8=1, 9=2}
count number of new and general variables
[0, 1, 2]
1) 1 1
3) 0 2
6) 0 3
exclude rows with number of new variables greater than free inputs count
1) 1 1
select next line 1
{4=0, 7=3, 8=1, 9=2}
add elementary matrix to solution
adding first line to elementary matrix
first line is 6
{3=0, 5=1, 6=2}
count number of new and general variables
[0, 1, 2]
3) 1 1
exclude rows with number of new variables greater than free inputs count
3) 1 1
select next line 3
{2=3, 3=0, 5=1, 6=2}
creating matrix A
adding first line to elementary matrix
first line is 2
{0=0, 1=1, 5=2, 6=3}
count number of new and general variables
[0, 1, 2, 3]
0) 2 0
1) 0 2
3) 1 1
4) 0 2
5) 0 3
6) 2 1
7) 3 0
exclude rows with number of new variables greater than free inputs count
0) 2 0
7) 3 0
select next line 7
{0=0, 1=1, 5=2, 6=3}
count number of new and general variables
[0, 1, 2, 3]
0) 2 0
1) 0 2
3) 1 1
4) 0 2
5) 0 3
6) 2 1
exclude rows with number of new variables greater than free inputs count
0) 2 0
select next line 0
{0=0, 1=1, 5=2, 6=3}
add elementary matrix to solution
adding first line to elementary matrix
first line is 5
{4=0, 8=1, 9=2}
count number of new and general variables
[0, 1, 2]
1) 1 1
3) 0 2
4) 2 0
6) 0 3
exclude rows with number of new variables greater than free inputs count
1) 1 1
4) 2 0
select next line 4
{4=0, 8=1, 9=2}
count number of new and general variables
[0, 1, 2]
1) 1 1
3) 0 2
6) 0 3
exclude rows with number of new variables greater than free inputs count
1) 1 1
select next line 1
{4=0, 7=3, 8=1, 9=2}
add elementary matrix to solution
adding first line to elementary matrix
first line is 6
{3=0, 5=1, 6=2}
count number of new and general variables
[0, 1, 2]
3) 1 1
exclude rows with number of new variables greater than free inputs count
3) 1 1
select next line 3
{2=3, 3=0, 5=1, 6=2}
[0, 1, 2, 3]
[0, 3, 1, 2]
[3, 0, 1, 2]
creating matrix A
adding first line to elementary matrix
first line is 2
{0=0, 1=1, 5=2, 6=3}
count number of new and general variables
[0, 1, 2, 3]
0) 2 0
1) 0 2
3) 1 1
4) 0 2
5) 0 3
6) 2 1
7) 3 0
exclude rows with number of new variables greater than free inputs count
0) 2 0
7) 3 0
select next line 7
{0=0, 1=1, 5=2, 6=3}
count number of new and general variables
[0, 1, 2, 3]
0) 2 0
1) 0 2
3) 1 1
4) 0 2
5) 0 3
6) 2 1
exclude rows with number of new variables greater than free inputs count
0) 2 0
select next line 0
{0=0, 1=1, 5=2, 6=3}
add elementary matrix to solution
adding first line to elementary matrix
first line is 5
{4=0, 8=1, 9=2}
count number of new and general variables
[0, 1, 2]
1) 1 1
3) 0 2
4) 2 0
6) 0 3
exclude rows with number of new variables greater than free inputs count
1) 1 1
4) 2 0
select next line 4
{4=0, 8=1, 9=2}
count number of new and general variables
[0, 1, 2]
1) 1 1
3) 0 2
6) 0 3
exclude rows with number of new variables greater than free inputs count
1) 1 1
select next line 1
{4=0, 7=3, 8=1, 9=2}
add elementary matrix to solution
adding first line to elementary matrix
first line is 6
{3=0, 5=1, 6=2}
count number of new and general variables
[0, 1, 2]
3) 1 1
exclude rows with number of new variables greater than free inputs count
3) 1 1
select next line 3
{2=3, 3=0, 5=1, 6=2}
[0, 1, 2, 3]
[0, 3, 1, 2]
[3, 0, 1, 2]
creating matrix A
adding first line to elementary matrix
first line is 2
{0=0, 1=1, 5=2, 6=3}
count number of new and general variables
[0, 1, 2, 3]
0) 2 0
1) 0 2
3) 1 1
4) 0 2
5) 0 3
6) 2 1
7) 3 0
exclude rows with number of new variables greater than free inputs count
0) 2 0
7) 3 0
select next line 7
{0=0, 1=1, 5=2, 6=3}
count number of new and general variables
[0, 1, 2, 3]
0) 2 0
1) 0 2
3) 1 1
4) 0 2
5) 0 3
6) 2 1
exclude rows with number of new variables greater than free inputs count
0) 2 0
select next line 0
{0=0, 1=1, 5=2, 6=3}
add elementary matrix to solution
adding first line to elementary matrix
first line is 5
{4=0, 8=1, 9=2}
count number of new and general variables
[0, 1, 2]
1) 1 1
3) 0 2
4) 2 0
6) 0 3
exclude rows with number of new variables greater than free inputs count
1) 1 1
4) 2 0
select next line 4
{4=0, 8=1, 9=2}
count number of new and general variables
[0, 1, 2]
1) 1 1
3) 0 2
6) 0 3
exclude rows with number of new variables greater than free inputs count
1) 1 1
select next line 1
{4=0, 7=3, 8=1, 9=2}
add elementary matrix to solution
adding first line to elementary matrix
first line is 6
{3=0, 5=1, 6=2}
count number of new and general variables
[0, 1, 2]
3) 1 1
exclude rows with number of new variables greater than free inputs count
3) 1 1
select next line 3
{2=3, 3=0, 5=1, 6=2}
[0, 1, 2, 3]
[0, 3, 1, 2]
[3, 0, 1, 2]
creating matrix A
adding first line to elementary matrix
first line is 2
{0=0, 1=1, 5=2, 6=3}
count number of new and general variables
[0, 1, 2, 3]
0) 2 0
1) 0 2
3) 1 1
4) 0 2
5) 0 3
6) 2 1
7) 3 0
exclude rows with number of new variables greater than free inputs count
0) 2 0
7) 3 0
select next line 7
{0=0, 1=1, 5=2, 6=3}
count number of new and general variables
[0, 1, 2, 3]
0) 2 0
1) 0 2
3) 1 1
4) 0 2
5) 0 3
6) 2 1
exclude rows with number of new variables greater than free inputs count
0) 2 0
select next line 0
{0=0, 1=1, 5=2, 6=3}
add elementary matrix to solution
adding first line to elementary matrix
first line is 5
{4=0, 8=1, 9=2}
count number of new and general variables
[0, 1, 2]
1) 1 1
3) 0 2
4) 2 0
6) 0 3
exclude rows with number of new variables greater than free inputs count
1) 1 1
4) 2 0
select next line 4
{4=0, 8=1, 9=2}
count number of new and general variables
[0, 1, 2]
1) 1 1
3) 0 2
6) 0 3
exclude rows with number of new variables greater than free inputs count
1) 1 1
select next line 1
{4=0, 7=3, 8=1, 9=2}
add elementary matrix to solution
adding first line to elementary matrix
first line is 6
{3=0, 5=1, 6=2}
count number of new and general variables
[0, 1, 2]
3) 1 1
exclude rows with number of new variables greater than free inputs count
3) 1 1
select next line 3
{2=3, 3=0, 5=1, 6=2}
[0, 1, 2, 3]
[0, 3, 1, 2]
[3, 0, 1, 2]
creating matrix A
adding first line to elementary matrix
first line is 2
{0=0, 1=1, 5=2, 6=3}
count number of new and general variables
[0, 1, 2, 3]
0) 2 0
1) 0 2
3) 1 1
4) 0 2
5) 0 3
6) 2 1
7) 3 0
exclude rows with number of new variables greater than free inputs count
0) 2 0
7) 3 0
select next line 7
{0=0, 1=1, 5=2, 6=3}
count number of new and general variables
[0, 1, 2, 3]
0) 2 0
1) 0 2
3) 1 1
4) 0 2
5) 0 3
6) 2 1
exclude rows with number of new variables greater than free inputs count
0) 2 0
select next line 0
{0=0, 1=1, 5=2, 6=3}
add elementary matrix to solution
adding first line to elementary matrix
first line is 5
{4=0, 8=1, 9=2}
count number of new and general variables
[0, 1, 2]
1) 1 1
3) 0 2
4) 2 0
6) 0 3
exclude rows with number of new variables greater than free inputs count
1) 1 1
4) 2 0
select next line 4
{4=0, 8=1, 9=2}
count number of new and general variables
[0, 1, 2]
1) 1 1
3) 0 2
6) 0 3
exclude rows with number of new variables greater than free inputs count
1) 1 1
select next line 1
{4=0, 7=3, 8=1, 9=2}
add elementary matrix to solution
adding first line to elementary matrix
first line is 6
{3=0, 5=1, 6=2}
count number of new and general variables
[0, 1, 2]
3) 1 1
exclude rows with number of new variables greater than free inputs count
3) 1 1
select next line 3
{2=3, 3=0, 5=1, 6=2}
[0, 1, 2, 3]
[0, 3, 1, 2]
[3, 0, 1, 2]
creating matrix A
adding first line to elementary matrix
first line is 2
{0=0, 1=1, 5=2, 6=3}
count number of new and general variables
[0, 1, 2, 3]
0) 2 0
1) 0 2
3) 1 1
4) 0 2
5) 0 3
6) 2 1
7) 3 0
exclude rows with number of new variables greater than free inputs count
0) 2 0
7) 3 0
select next line 7
{0=0, 1=1, 5=2, 6=3}
count number of new and general variables
[0, 1, 2, 3]
0) 2 0
1) 0 2
3) 1 1
4) 0 2
5) 0 3
6) 2 1
exclude rows with number of new variables greater than free inputs count
0) 2 0
select next line 0
{0=0, 1=1, 5=2, 6=3}
add elementary matrix to solution
adding first line to elementary matrix
first line is 5
{4=0, 8=1, 9=2}
count number of new and general variables
[0, 1, 2]
1) 1 1
3) 0 2
4) 2 0
6) 0 3
exclude rows with number of new variables greater than free inputs count
1) 1 1
4) 2 0
select next line 4
{4=0, 8=1, 9=2}
count number of new and general variables
[0, 1, 2]
1) 1 1
3) 0 2
6) 0 3
exclude rows with number of new variables greater than free inputs count
1) 1 1
select next line 1
{4=0, 7=3, 8=1, 9=2}
add elementary matrix to solution
adding first line to elementary matrix
first line is 6
{3=0, 5=1, 6=2}
count number of new and general variables
[0, 1, 2]
3) 1 1
exclude rows with number of new variables greater than free inputs count
3) 1 1
select next line 3
{2=3, 3=0, 5=1, 6=2}
[0, 1, 2, 3]
[0, 3, 1, 2]
[3, 0, 1, 2]
creating matrix A
adding first line to elementary matrix
first line is 2
{0=0, 1=1, 5=2, 6=3}
count number of new and general variables
[0, 1, 2, 3]
0) 2 0
1) 0 2
3) 1 1
4) 0 2
5) 0 3
6) 2 1
7) 3 0
exclude rows with number of new variables greater than free inputs count
0) 2 0
7) 3 0
select next line 7
{0=0, 1=1, 5=2, 6=3}
count number of new and general variables
[0, 1, 2, 3]
0) 2 0
1) 0 2
3) 1 1
4) 0 2
5) 0 3
6) 2 1
exclude rows with number of new variables greater than free inputs count
0) 2 0
select next line 0
{0=0, 1=1, 5=2, 6=3}
add elementary matrix to solution
adding first line to elementary matrix
first line is 5
{4=0, 8=1, 9=2}
count number of new and general variables
[0, 1, 2]
1) 1 1
3) 0 2
4) 2 0
6) 0 3
exclude rows with number of new variables greater than free inputs count
1) 1 1
4) 2 0
select next line 4
{4=0, 8=1, 9=2}
count number of new and general variables
[0, 1, 2]
1) 1 1
3) 0 2
6) 0 3
exclude rows with number of new variables greater than free inputs count
1) 1 1
select next line 1
{4=0, 7=3, 8=1, 9=2}
add elementary matrix to solution
adding first line to elementary matrix
first line is 6
{3=0, 5=1, 6=2}
count number of new and general variables
[0, 1, 2]
3) 1 1
exclude rows with number of new variables greater than free inputs count
3) 1 1
select next line 3
{2=3, 3=0, 5=1, 6=2}
[0, 1, 2, 3]
[0, 1, 2, 3]
[0, 3, 1, 2]
[0, 3, 1, 2]
[3, 0, 1, 2]
[3, 0, 1, 2]
creating matrix A
adding first line to elementary matrix
first line is 2
{0=0, 1=1, 5=2, 6=3}
count number of new and general variables
[0, 1, 2, 3]
0) 2 0
1) 0 2
3) 1 1
4) 0 2
5) 0 3
6) 2 1
7) 3 0
exclude rows with number of new variables greater than free inputs count
0) 2 0
7) 3 0
select next line 7
{0=0, 1=1, 5=2, 6=3}
count number of new and general variables
[0, 1, 2, 3]
0) 2 0
1) 0 2
3) 1 1
4) 0 2
5) 0 3
6) 2 1
exclude rows with number of new variables greater than free inputs count
0) 2 0
select next line 0
{0=0, 1=1, 5=2, 6=3}
add elementary matrix to solution
adding first line to elementary matrix
first line is 5
{4=0, 8=1, 9=2}
count number of new and general variables
[0, 1, 2]
1) 1 1
3) 0 2
4) 2 0
6) 0 3
exclude rows with number of new variables greater than free inputs count
1) 1 1
4) 2 0
select next line 4
{4=0, 8=1, 9=2}
count number of new and general variables
[0, 1, 2]
1) 1 1
3) 0 2
6) 0 3
exclude rows with number of new variables greater than free inputs count
1) 1 1
select next line 1
{4=0, 7=3, 8=1, 9=2}
add elementary matrix to solution
adding first line to elementary matrix
first line is 6
{3=0, 5=1, 6=2}
count number of new and general variables
[0, 1, 2]
3) 1 1
exclude rows with number of new variables greater than free inputs count
3) 1 1
select next line 3
{2=3, 3=0, 5=1, 6=2}
[0, 1, 2, 3]
[0, 1, 2, 3]
[0, 3, 1, 2]
[0, 3, 1, 2]
[3, 0, 1, 2]
[3, 0, 1, 2]
creating matrix A
adding first line to elementary matrix
first line is 2
{0=0, 1=1, 5=2, 6=3}
count number of new and general variables
[0, 1, 2, 3]
0) 2 0
1) 0 2
3) 1 1
4) 0 2
5) 0 3
6) 2 1
7) 3 0
exclude rows with number of new variables greater than free inputs count
0) 2 0
7) 3 0
select next line 7
{0=0, 1=1, 5=2, 6=3}
count number of new and general variables
[0, 1, 2, 3]
0) 2 0
1) 0 2
3) 1 1
4) 0 2
5) 0 3
6) 2 1
exclude rows with number of new variables greater than free inputs count
0) 2 0
select next line 0
{0=0, 1=1, 5=2, 6=3}
add elementary matrix to solution
adding first line to elementary matrix
first line is 5
{4=0, 8=1, 9=2}
count number of new and general variables
[0, 1, 2]
1) 1 1
3) 0 2
4) 2 0
6) 0 3
exclude rows with number of new variables greater than free inputs count
1) 1 1
4) 2 0
select next line 4
{4=0, 8=1, 9=2}
count number of new and general variables
[0, 1, 2]
1) 1 1
3) 0 2
6) 0 3
exclude rows with number of new variables greater than free inputs count
1) 1 1
select next line 1
{4=0, 7=3, 8=1, 9=2}
add elementary matrix to solution
adding first line to elementary matrix
first line is 6
{3=0, 5=1, 6=2}
count number of new and general variables
[0, 1, 2]
3) 1 1
exclude rows with number of new variables greater than free inputs count
3) 1 1
select next line 3
{2=3, 3=0, 5=1, 6=2}
[0, 1, 2, 3]
[0, 1, 2, 3]
[0, 3, 1, 2]
[0, 3, 1, 2]
[3, 0, 1, 2]
[3, 0, 1, 2]
creating matrix A
adding first line to elementary matrix
first line is 2
{0=0, 1=1, 5=2, 6=3}
count number of new and general variables
[0, 1, 2, 3]
0) 2 0
1) 0 2
3) 1 1
4) 0 2
5) 0 3
6) 2 1
7) 3 0
exclude rows with number of new variables greater than free inputs count
0) 2 0
7) 3 0
select next line 7
{0=0, 1=1, 5=2, 6=3}
count number of new and general variables
[0, 1, 2, 3]
0) 2 0
1) 0 2
3) 1 1
4) 0 2
5) 0 3
6) 2 1
exclude rows with number of new variables greater than free inputs count
0) 2 0
select next line 0
{0=0, 1=1, 5=2, 6=3}
add elementary matrix to solution
adding first line to elementary matrix
first line is 5
{4=0, 8=1, 9=2}
count number of new and general variables
[0, 1, 2]
1) 1 1
3) 0 2
4) 2 0
6) 0 3
exclude rows with number of new variables greater than free inputs count
1) 1 1
4) 2 0
select next line 4
{4=0, 8=1, 9=2}
count number of new and general variables
[0, 1, 2]
1) 1 1
3) 0 2
6) 0 3
exclude rows with number of new variables greater than free inputs count
1) 1 1
select next line 1
{4=0, 7=3, 8=1, 9=2}
add elementary matrix to solution
adding first line to elementary matrix
first line is 6
{3=0, 5=1, 6=2}
count number of new and general variables
[0, 1, 2]
3) 1 1
exclude rows with number of new variables greater than free inputs count
3) 1 1
select next line 3
{2=3, 3=0, 5=1, 6=2}
[0, 1, 2, 3]
[0, 3, 1, 2]
[3, 0, 1, 2]
creating matrix A
adding first line to elementary matrix
first line is 2
{0=0, 1=1, 5=2, 6=3}
count number of new and general variables
[0, 1, 2, 3]
0) 2 0
1) 0 2
3) 1 1
4) 0 2
5) 0 3
6) 2 1
7) 3 0
exclude rows with number of new variables greater than free inputs count
0) 2 0
7) 3 0
select next line 7
{0=0, 1=1, 5=2, 6=3}
count number of new and general variables
[0, 1, 2, 3]
0) 2 0
1) 0 2
3) 1 1
4) 0 2
5) 0 3
6) 2 1
exclude rows with number of new variables greater than free inputs count
0) 2 0
select next line 0
{0=0, 1=1, 5=2, 6=3}
add elementary matrix to solution
adding first line to elementary matrix
first line is 5
{4=0, 8=1, 9=2}
count number of new and general variables
[0, 1, 2]
1) 1 1
3) 0 2
4) 2 0
6) 0 3
exclude rows with number of new variables greater than free inputs count
1) 1 1
4) 2 0
select next line 4
{4=0, 8=1, 9=2}
count number of new and general variables
[0, 1, 2]
1) 1 1
3) 0 2
6) 0 3
exclude rows with number of new variables greater than free inputs count
1) 1 1
select next line 1
{4=0, 7=3, 8=1, 9=2}
add elementary matrix to solution
adding first line to elementary matrix
first line is 6
{3=0, 5=1, 6=2}
count number of new and general variables
[0, 1, 2]
3) 1 1
exclude rows with number of new variables greater than free inputs count
3) 1 1
select next line 3
{2=3, 3=0, 5=1, 6=2}
[0, 1, 2, 3]
[0, 3, 1, 2]
[3, 0, 1, 2]
creating matrix A
adding first line to elementary matrix
first line is 2
{0=0, 1=1, 5=2, 6=3}
count number of new and general variables
[0, 1, 2, 3]
0) 2 0
1) 0 2
3) 1 1
4) 0 2
5) 0 3
6) 2 1
7) 3 0
exclude rows with number of new variables greater than free inputs count
0) 2 0
7) 3 0
select next line 7
{0=0, 1=1, 5=2, 6=3}
count number of new and general variables
[0, 1, 2, 3]
0) 2 0
1) 0 2
3) 1 1
4) 0 2
5) 0 3
6) 2 1
exclude rows with number of new variables greater than free inputs count
0) 2 0
select next line 0
{0=0, 1=1, 5=2, 6=3}
add elementary matrix to solution
adding first line to elementary matrix
first line is 5
{4=0, 8=1, 9=2}
count number of new and general variables
[0, 1, 2]
1) 1 1
3) 0 2
4) 2 0
6) 0 3
exclude rows with number of new variables greater than free inputs count
1) 1 1
4) 2 0
select next line 4
{4=0, 8=1, 9=2}
count number of new and general variables
[0, 1, 2]
1) 1 1
3) 0 2
6) 0 3
exclude rows with number of new variables greater than free inputs count
1) 1 1
select next line 1
{4=0, 7=3, 8=1, 9=2}
add elementary matrix to solution
adding first line to elementary matrix
first line is 6
{3=0, 5=1, 6=2}
count number of new and general variables
[0, 1, 2]
3) 1 1
exclude rows with number of new variables greater than free inputs count
3) 1 1
select next line 3
{2=3, 3=0, 5=1, 6=2}
[0, 1, 2, 3]
[0, 3, 1, 2]
[3, 0, 1, 2]
creating matrix A
adding first line to elementary matrix
first line is 2
{0=0, 1=1, 5=2, 6=3}
count number of new and general variables
[0, 1, 2, 3]
0) 2 0
1) 0 2
3) 1 1
4) 0 2
5) 0 3
6) 2 1
7) 3 0
exclude rows with number of new variables greater than free inputs count
0) 2 0
7) 3 0
select next line 7
{0=0, 1=1, 5=2, 6=3}
count number of new and general variables
[0, 1, 2, 3]
0) 2 0
1) 0 2
3) 1 1
4) 0 2
5) 0 3
6) 2 1
exclude rows with number of new variables greater than free inputs count
0) 2 0
select next line 0
{0=0, 1=1, 5=2, 6=3}
add elementary matrix to solution
adding first line to elementary matrix
first line is 5
{4=0, 8=1, 9=2}
count number of new and general variables
[0, 1, 2]
1) 1 1
3) 0 2
4) 2 0
6) 0 3
exclude rows with number of new variables greater than free inputs count
1) 1 1
4) 2 0
select next line 4
{4=0, 8=1, 9=2}
count number of new and general variables
[0, 1, 2]
1) 1 1
3) 0 2
6) 0 3
exclude rows with number of new variables greater than free inputs count
1) 1 1
select next line 1
{4=0, 7=3, 8=1, 9=2}
add elementary matrix to solution
adding first line to elementary matrix
first line is 6
{3=0, 5=1, 6=2}
count number of new and general variables
[0, 1, 2]
3) 1 1
exclude rows with number of new variables greater than free inputs count
3) 1 1
select next line 3
{2=3, 3=0, 5=1, 6=2}
[0, 1, 2, 3]
[0, 3, 1, 2]
[3, 0, 1, 2]
creating matrix A
adding first line to elementary matrix
first line is 2
{0=0, 1=1, 5=2, 6=3}
count number of new and general variables
[0, 1, 2, 3]
0) 2 0
1) 0 2
3) 1 1
4) 0 2
5) 0 3
6) 2 1
7) 3 0
exclude rows with number of new variables greater than free inputs count
0) 2 0
7) 3 0
select next line 7
{0=0, 1=1, 5=2, 6=3}
count number of new and general variables
[0, 1, 2, 3]
0) 2 0
1) 0 2
3) 1 1
4) 0 2
5) 0 3
6) 2 1
exclude rows with number of new variables greater than free inputs count
0) 2 0
select next line 0
{0=0, 1=1, 5=2, 6=3}
add elementary matrix to solution
adding first line to elementary matrix
first line is 5
{4=0, 8=1, 9=2}
count number of new and general variables
[0, 1, 2]
1) 1 1
3) 0 2
4) 2 0
6) 0 3
exclude rows with number of new variables greater than free inputs count
1) 1 1
4) 2 0
select next line 4
{4=0, 8=1, 9=2}
count number of new and general variables
[0, 1, 2]
1) 1 1
3) 0 2
6) 0 3
exclude rows with number of new variables greater than free inputs count
1) 1 1
select next line 1
{4=0, 7=3, 8=1, 9=2}
add elementary matrix to solution
adding first line to elementary matrix
first line is 6
{3=0, 5=1, 6=2}
count number of new and general variables
[0, 1, 2]
3) 1 1
exclude rows with number of new variables greater than free inputs count
3) 1 1
select next line 3
{2=3, 3=0, 5=1, 6=2}
[0, 1, 2, 3]
[0, 3, 1, 2]
[3, 0, 1, 2]
creating matrix A
adding first line to elementary matrix
first line is 2
{0=0, 1=1, 5=2, 6=3}
count number of new and general variables
[0, 1, 2, 3]
0) 2 0
1) 0 2
3) 1 1
4) 0 2
5) 0 3
6) 2 1
7) 3 0
exclude rows with number of new variables greater than free inputs count
0) 2 0
7) 3 0
select next line 7
{0=0, 1=1, 5=2, 6=3}
count number of new and general variables
[0, 1, 2, 3]
0) 2 0
1) 0 2
3) 1 1
4) 0 2
5) 0 3
6) 2 1
exclude rows with number of new variables greater than free inputs count
0) 2 0
select next line 0
{0=0, 1=1, 5=2, 6=3}
add elementary matrix to solution
adding first line to elementary matrix
first line is 5
{4=0, 8=1, 9=2}
count number of new and general variables
[0, 1, 2]
1) 1 1
3) 0 2
4) 2 0
6) 0 3
exclude rows with number of new variables greater than free inputs count
1) 1 1
4) 2 0
select next line 4
{4=0, 8=1, 9=2}
count number of new and general variables
[0, 1, 2]
1) 1 1
3) 0 2
6) 0 3
exclude rows with number of new variables greater than free inputs count
1) 1 1
select next line 1
{4=0, 7=3, 8=1, 9=2}
add elementary matrix to solution
adding first line to elementary matrix
first line is 6
{3=0, 5=1, 6=2}
count number of new and general variables
[0, 1, 2]
3) 1 1
exclude rows with number of new variables greater than free inputs count
3) 1 1
select next line 3
{2=3, 3=0, 5=1, 6=2}
[0, 1, 2, 3]
[0, 3, 1, 2]
[3, 0, 1, 2]
creating matrix A
adding first line to elementary matrix
first line is 2
{0=0, 1=1, 5=2, 6=3}
count number of new and general variables
[0, 1, 2, 3]
0) 2 0
1) 0 2
3) 1 1
4) 0 2
5) 0 3
6) 2 1
7) 3 0
exclude rows with number of new variables greater than free inputs count
0) 2 0
7) 3 0
select next line 7
{0=0, 1=1, 5=2, 6=3}
count number of new and general variables
[0, 1, 2, 3]
0) 2 0
1) 0 2
3) 1 1
4) 0 2
5) 0 3
6) 2 1
exclude rows with number of new variables greater than free inputs count
0) 2 0
select next line 0
{0=0, 1=1, 5=2, 6=3}
add elementary matrix to solution
adding first line to elementary matrix
first line is 5
{4=0, 8=1, 9=2}
count number of new and general variables
[0, 1, 2]
1) 1 1
3) 0 2
4) 2 0
6) 0 3
exclude rows with number of new variables greater than free inputs count
1) 1 1
4) 2 0
select next line 4
{4=0, 8=1, 9=2}
count number of new and general variables
[0, 1, 2]
1) 1 1
3) 0 2
6) 0 3
exclude rows with number of new variables greater than free inputs count
1) 1 1
select next line 1
{4=0, 7=3, 8=1, 9=2}
add elementary matrix to solution
adding first line to elementary matrix
first line is 6
{3=0, 5=1, 6=2}
count number of new and general variables
[0, 1, 2]
3) 1 1
exclude rows with number of new variables greater than free inputs count
3) 1 1
select next line 3
{2=3, 3=0, 5=1, 6=2}
[0, 1, 2, 3]
[0, 3, 1, 2]
[3, 0, 1, 2]
